Flow report for CPU
Thu Jun 11 21:02:10 2020
Quartus Prime Version 19.1.0 Build 670 09/22/2019 SJ Lite Edition


---------------------
; Table of Contents ;
---------------------
  1. Legal Notice
  2. Flow Summary
  3. Flow Settings
  4. Flow Non-Default Global Settings
  5. Flow Elapsed Time
  6. Flow OS Summary
  7. Flow Log
  8. Flow Messages
  9. Flow Suppressed Messages



----------------
; Legal Notice ;
----------------
Copyright (C) 2019  Intel Corporation. All rights reserved.
Your use of Intel Corporation's design tools, logic functions 
and other software and tools, and any partner logic 
functions, and any output files from any of the foregoing 
(including device programming or simulation files), and any 
associated documentation or information are expressly subject 
to the terms and conditions of the Intel Program License 
Subscription Agreement, the Intel Quartus Prime License Agreement,
the Intel FPGA IP License Agreement, or other applicable license
agreement, including, without limitation, that your use is for
the sole purpose of programming logic devices manufactured by
Intel and sold by Intel or its authorized distributors.  Please
refer to the applicable agreement for further details, at
https://fpgasoftware.intel.com/eula.



+----------------------------------------------------------------------------------+
; Flow Summary                                                                     ;
+------------------------------------+---------------------------------------------+
; Flow Status                        ; Successful - Thu Jun 11 21:02:10 2020       ;
; Quartus Prime Version              ; 19.1.0 Build 670 09/22/2019 SJ Lite Edition ;
; Revision Name                      ; CPU                                         ;
; Top-level Entity Name              ; CPU                                         ;
; Family                             ; Cyclone IV E                                ;
; Total logic elements               ; 795 / 6,272 ( 13 % )                        ;
;     Total combinational functions  ; 776 / 6,272 ( 12 % )                        ;
;     Dedicated logic registers      ; 94 / 6,272 ( 1 % )                          ;
; Total registers                    ; 94                                          ;
; Total pins                         ; 146 / 180 ( 81 % )                          ;
; Total virtual pins                 ; 0                                           ;
; Total memory bits                  ; 65,536 / 276,480 ( 24 % )                   ;
; Embedded Multiplier 9-bit elements ; 0 / 30 ( 0 % )                              ;
; Total PLLs                         ; 0 / 2 ( 0 % )                               ;
; Device                             ; EP4CE6F17C6                                 ;
; Timing Models                      ; Final                                       ;
+------------------------------------+---------------------------------------------+


+-----------------------------------------+
; Flow Settings                           ;
+-------------------+---------------------+
; Option            ; Setting             ;
+-------------------+---------------------+
; Start date & time ; 06/11/2020 20:52:36 ;
; Main task         ; Compilation         ;
; Revision Name     ; CPU                 ;
+-------------------+---------------------+


+-------------------------------------------------------------------------------------------------------------------------+
; Flow Non-Default Global Settings                                                                                        ;
+-------------------------------------+----------------------------------------+---------------+-------------+------------+
; Assignment Name                     ; Value                                  ; Default Value ; Entity Name ; Section Id ;
+-------------------------------------+----------------------------------------+---------------+-------------+------------+
; COMPILER_SIGNATURE_ID               ; 220964532661764.159189795603948        ; --            ; --          ; --         ;
; MISC_FILE                           ; RAMdata.bsf                            ; --            ; --          ; --         ;
; MISC_FILE                           ; RAMdata_bb.v                           ; --            ; --          ; --         ;
; MISC_FILE                           ; RAMdata_syn.v                          ; --            ; --          ; --         ;
; MISC_FILE                           ; ROMinstructions.bsf                    ; --            ; --          ; --         ;
; MISC_FILE                           ; ROMinstructions_bb.v                   ; --            ; --          ; --         ;
; MISC_FILE                           ; ROMinstructions_syn.v                  ; --            ; --          ; --         ;
; MISC_FILE                           ; RAMinstr.bsf                           ; --            ; --          ; --         ;
; MISC_FILE                           ; RAMinstr_bb.v                          ; --            ; --          ; --         ;
; MISC_FILE                           ; DataRAM.bsf                            ; --            ; --          ; --         ;
; MISC_FILE                           ; DataRAM_bb.v                           ; --            ; --          ; --         ;
; PARTITION_COLOR                     ; -- (Not supported for targeted family) ; --            ; --          ; Top        ;
; PARTITION_FITTER_PRESERVATION_LEVEL ; -- (Not supported for targeted family) ; --            ; --          ; Top        ;
; PARTITION_NETLIST_TYPE              ; -- (Not supported for targeted family) ; --            ; --          ; Top        ;
; PROJECT_OUTPUT_DIRECTORY            ; output_files                           ; --            ; --          ; --         ;
+-------------------------------------+----------------------------------------+---------------+-------------+------------+


+--------------------------------------------------------------------------------------------------------------------------+
; Flow Elapsed Time                                                                                                        ;
+----------------------+--------------+-------------------------+---------------------+------------------------------------+
; Module Name          ; Elapsed Time ; Average Processors Used ; Peak Virtual Memory ; Total CPU Time (on all processors) ;
+----------------------+--------------+-------------------------+---------------------+------------------------------------+
; Analysis & Synthesis ; 00:00:25     ; 1.0                     ; 4805 MB             ; 00:00:54                           ;
; Fitter               ; 00:00:26     ; 1.1                     ; 5536 MB             ; 00:00:29                           ;
; Assembler            ; 00:00:02     ; 1.0                     ; 4693 MB             ; 00:00:02                           ;
; Timing Analyzer      ; 00:00:07     ; 1.4                     ; 4791 MB             ; 00:00:06                           ;
; Power Analyzer       ; 00:00:04     ; 1.1                     ; 4828 MB             ; 00:00:03                           ;
; Total                ; 00:01:04     ; --                      ; --                  ; 00:01:34                           ;
+----------------------+--------------+-------------------------+---------------------+------------------------------------+


+------------------------------------------------------------------------------------+
; Flow OS Summary                                                                    ;
+----------------------+------------------+------------+------------+----------------+
; Module Name          ; Machine Hostname ; OS Name    ; OS Version ; Processor type ;
+----------------------+------------------+------------+------------+----------------+
; Analysis & Synthesis ; DESKTOP-1DVULG4  ; Windows 10 ; 10.0       ; x86_64         ;
; Fitter               ; DESKTOP-1DVULG4  ; Windows 10 ; 10.0       ; x86_64         ;
; Assembler            ; DESKTOP-1DVULG4  ; Windows 10 ; 10.0       ; x86_64         ;
; Timing Analyzer      ; DESKTOP-1DVULG4  ; Windows 10 ; 10.0       ; x86_64         ;
; Power Analyzer       ; DESKTOP-1DVULG4  ; Windows 10 ; 10.0       ; x86_64         ;
+----------------------+------------------+------------+------------+----------------+


------------
; Flow Log ;
------------
quartus_map --read_settings_files=on --write_settings_files=off CPU -c CPU
quartus_fit --read_settings_files=off --write_settings_files=off CPU -c CPU
quartus_asm --read_settings_files=off --write_settings_files=off CPU -c CPU
quartus_sta CPU -c CPU
quartus_pow --read_settings_files=on --write_settings_files=off CPU -c CPU



